*------------------------------------------------------------*
* Report Log
Date:                November 02, 2019
Time:                23:22:52
*------------------------------------------------------------*
16570  %let EMEXCEPTIONSTRING=;
16571  *------------------------------------------------------------*;
16572  * REPORT: FIMPORT;
16573  *------------------------------------------------------------*;
16574  %let EM_ACTION = REPORT;
16575  %let syscc = 0;
16576  /* Fimport.source */
16577  %macro main;
16578        %if %upcase(&EM_ACTION) = CREATE %then %do;
16579           filename temp catalog 'sashelp.emsamp.Fimport_create.source';
16580           %include temp;
16581           filename temp;
16582           %create;
16583        %end;
16584        %else
16585        %if %upcase(&EM_ACTION) = TRAIN %then %do;
16586           filename temp catalog 'sashelp.emsamp.Fimport_train.source';
16587           %include temp;
16588           filename temp;
16589           %train;
16590        %end;
16591        %else
16592        %if %upcase(&EM_ACTION) = UPDATE %then %do;
16593           filename temp catalog 'sashelp.emsamp.Fimport_update.source';
16594           %include temp;
16595           filename temp;
16596           %update;
16597        %end;
16598        %else
16599        %if %upcase(&EM_ACTION) = PROPERTY %then %do;
16600           filename temp catalog 'sashelp.emsamp.Fimport_actions.source';
16601           %include temp;
16602           filename temp;
16603           %property;
16604        %end;
16605         %else
16606        %if %upcase(&EM_ACTION) = SCORE %then %do;
16607           filename temp catalog 'sashelp.emsamp.Fimport_score.source';
16608           %include temp;
16609           filename temp;
16610           %score;
16611        %end;
16612        %else
16613        %if %upcase(&EM_ACTION) = REPORT %then %do;
16614           filename temp catalog 'sashelp.emsamp.Fimport_report.source';
16615           %include temp;
16616           filename temp;
16617           %report;
16618        %end;
16619        %else
16620        %if %upcase(&EM_ACTION) = OPENVARIABLESET %then %do;
16621           filename temp catalog 'sashelp.emsamp.Fimport_actions.source';
16622           %include temp;
16623           filename temp;
16624           %openvariableset;
16625        %end;
16626        %else
16627        %if %upcase(&EM_ACTION) = CLOSEVARIABLESET %then %do;
16628           filename temp catalog 'sashelp.emsamp.Fimport_actions.source';
16629           %include temp;
16630           filename temp;
16631           %closevariableset;
16632        %end;
16633  %mend main;
16634  %main;
NOTE: %INCLUDE (level 1) file TEMP is file SASHELP.EMSAMP.FIMPORT_REPORT.SOURCE.
16635 +%macro report;
16636 +    %em_getname(key=EMSTAT,     type=DATA);
16637 +    %em_getname(key=EMINFO,     type=DATA);
16638 +    %em_getname(key=CLASS,      type=DATA);
16639 +    %em_getname(key=INTERVAL,   type=DATA);
16640 +
16641 +    %em_REPORT(key=EMSTAT,   viewtype=DATA, description=EMSTAT, block=Report, autodisplay=Y);
16642 +    %em_REPORT(key=INTERVAL, viewtype=LATTICE, LATTICETYPE=HISTOGRAM, LATTICEX=VARIABLE, DISCRETEX=Y, X=VALUE,FREQ=PERCENT,block=Report, description=INTERVALTARGET, autodisplay=N);
16643 +    %em_REPORT(key=CLASS, viewtype=LATTICE, LATTICEtype=BAR, LATTICEX=VARIABLE, X=VALUE,FREQ=PERCENT, block=Report, description=CLASSTARGET, autodisplay=Y);
16644 +
16645 +    %if &em_property_summarize eq Y %then %do;
16646 +        filename temp catalog 'sashelp.emmeta.emadvisestatistics.source';
16647 +        %include temp;
16648 +        filename temp;
16649 +
16650 +        data work.tempmeta;
16651 +           set &em_lib..&em_nodeid._CMETA_TRAIN;
16652 +           if ROLE='TARGET' and LEVEL ne 'INTERVAL' then output;
16653 +         run;
16654 +
16655 +        %class_profile(DATA=&em_export_train, OUTPUT=&em_user_class, VARS=,
16656 +                      METADATA=tempmeta, STAT=_STAT, FREQ=);
16657 +
16658 +         data work.tempmeta;
16659 +           set &em_lib..&em_nodeid._CMETA_TRAIN;
16660 +            if ROLE='TARGET' and LEVEL eq 'INTERVAL' then output;
16661 +         run;
16662 +         %var_profile(DATA=&em_export_train, OUTPUT=&em_user_INTERVAL, VARS=, METADATA=tempmeta, COMPUTESTAT=Y, STAT=_STAT, FREQ=,
16663 +                   BINDATA=, BIN=Y, NUMBARS=8, MINMAX=N);
16664 +
16665 +        data work.tempmeta;
16666 +           set &em_lib..&em_nodeid._CMETA_TRAIN;
16667 +        run;
16668 +
16669 +        %if "&em_property_advancedadvisor" eq "N" %then %do;
16670 +            %EmAdviseStat(&em_export_train, maxClassLevels=32, metadata=tempmeta, statisticData=&em_user_emstat);
16671 +
16672 +            data &em_data_exportset;
16673 +                 set &em_data_exportset;
16674 +                 if NODEPORT='TRAIN' then do;
16675 +                    EMINFO="&em_data_eminfo";
16676 +                    EMINFOMODTIME=datetime();
16677 +                 end;
16678 +            run;
16679 +        %end;
16680 +        %else %do;
16681 +            %em_getname(key=EMSTATDEFAULT,     type=DATA);
16682 +            %if %sysfunc(exist(&em_user_emstatdefault)) %then %do;
16683 +                data &em_user_emstat /  view=&em_user_emstat;
16684 +                   set &em_user_emstatdefault;
16685 +                run;
16686 +            %end;
16687 +        %end;
16688 +    %end;
16689 +    %else %do;
16690 +        %if "&em_property_advancedadvisor" eq "N" %then %do;
16691 +            proc datasets lib=&em_lib nolist;
16692 +               delete &em_nodeid._EMINFO;
16693 +            run;
16694 +            quit;
16695 +            data &em_data_exportset;
16696 +                 set &em_data_exportset;
16697 +                 if NODEPORT='TRAIN' then do;
16698 +                    EMINFO="";
16699 +                    EMINFOMODTIME=.;
16700 +                 end;
16701 +            run;
16702 +        %end;
16703 +    %end;
16704 +
16705 +    data &em_data_exportset;
16706 +       set &em_data_exportset;
16707 +       if NODEPORT='TRAIN' then do;
16708 +          ROLE="&em_property_role";
16709 +       end;
16710 +    run;
16711 +
16712 +    %if %sysfunc(exist(&em_data_variableSet)) %then %do;
16713 +        proc freq data=&em_data_variableset noprint;
16714 +             table ROLE*LEVEL/out=work.tempMeta;
16715 +        run;
16716 +        proc print data=work.tempmeta label noobs;
16717 +           var ROLE LEVEL COUNT;
16718 +           label ROLE  = "%sysfunc(sasmsg(sashelp.dmine, meta_role_vlabel, NOQUOTE))"
16719 +                 LEVEL = "%sysfunc(sasmsg(sashelp.dmine, meta_level_vlabel, NOQUOTE))"
16720 +                 COUNT = "%sysfunc(sasmsg(sashelp.dmine, rpt_count_vlabel, NOQUOTE))";
16721 +        title9  ' ';
16722 +        title10  "%sysfunc(sasmsg(sashelp.dmine, rpt_exptattributes_title, NOQUOTE, TRAIN))";
16723 +        run;
16724 +        title10;
16725 +    %end;
16726 +
16727 +    %if %sysfunc(exist(work.tempmeta)) %then %do;
16728 +        proc datasets lib=work nolist;
16729 +           delete tempmeta;
16730 +        run;
16731 +        quit;
16732 +    %end;
16733 +
16734 +%mend report;
16735 +
16736 +
16737 +
16738 +
16739 +
16740 +
16741 +
16742 +
16743 +
16744 +
16745 +
16746 +
16747 +
16748 +
16749 +
16750 +
16751 +
16752 +
16753 +
16754 +
16755 +
16756 +
16757 +
16758 +
16759 +
16760 +
16761 +
16762 +
16763 +
16764 +
16765 +
16766 +
16767 +
16768 +
16769 +
16770 +
16771 +
16772 +
16773 +
16774 +
16775 +
16776 +
16777 +
16778 +
16779 +
16780 +
16781 +
16782 +
NOTE: %INCLUDE (level 1) ending.
NOTE: Fileref TEMP has been deassigned.

NOTE: The data set WORK.EM_USER_REPORT has 132 observations and 4 variables.
NOTE: DATA statement used (Total process time):
      real time           0.01 seconds
      cpu time            0.01 seconds
      


NOTE: There were 132 observations read from the data set WORK.EM_USER_REPORT.
NOTE: The data set WORK.EM_USER_REPORT has 264 observations and 4 variables.
NOTE: DATA statement used (Total process time):
      real time           0.02 seconds
      cpu time            0.01 seconds
      


NOTE: There were 264 observations read from the data set WORK.EM_USER_REPORT.
NOTE: The data set WORK.EM_USER_REPORT has 396 observations and 4 variables.
NOTE: DATA statement used (Total process time):
      real time           0.02 seconds
      cpu time            0.01 seconds
      


NOTE: The file EMWS1.FIMPORT_EMINFO (memtype=DATA) was not found, but appears on a DELETE statement.

NOTE: PROCEDURE DATASETS used (Total process time):
      real time           0.00 seconds
      cpu time            0.00 seconds
      


NOTE: There were 6 observations read from the data set EMWS1.FIMPORT_EXPORTSET.
NOTE: The data set EMWS1.FIMPORT_EXPORTSET has 6 observations and 18 variables.
NOTE: DATA statement used (Total process time):
      real time           0.00 seconds
      cpu time            0.00 seconds
      


NOTE: There were 6 observations read from the data set EMWS1.FIMPORT_EXPORTSET.
NOTE: The data set EMWS1.FIMPORT_EXPORTSET has 6 observations and 18 variables.
NOTE: DATA statement used (Total process time):
      real time           0.00 seconds
      cpu time            0.00 seconds
      


NOTE: There were 5 observations read from the data set EMWS1.FIMPORT_VARIABLESET.
NOTE: The data set WORK.TEMPMETA has 3 observations and 4 variables.
NOTE: PROCEDURE FREQ used (Total process time):
      real time           0.04 seconds
      cpu time            0.01 seconds
      


NOTE: There were 3 observations read from the data set WORK.TEMPMETA.
NOTE: The PROCEDURE PRINT printed page 3.
NOTE: PROCEDURE PRINT used (Total process time):
      real time           0.00 seconds
      cpu time            0.00 seconds
      


NOTE: Deleting WORK.TEMPMETA (memtype=DATA).

NOTE: PROCEDURE DATASETS used (Total process time):
      real time           0.00 seconds
      cpu time            0.00 seconds
      

16783  *------------------------------------------------------------*;
16784  * End REPORT: FIMPORT;
16785  *------------------------------------------------------------*;

16786  /* Reset EM Options */
16787  options formchar="|----|+|---+=|-/\<>*";
16788  options nocenter ls=256 ps=10000;
16789  goptions reset=all device=GIF NODISPLAY;

16790  proc sort data=WORK.EM_USER_REPORT;
16791  by ID VIEW;
16792  run;

NOTE: There were 396 observations read from the data set WORK.EM_USER_REPORT.
NOTE: The data set WORK.EM_USER_REPORT has 396 observations and 4 variables.
NOTE: PROCEDURE SORT used (Total process time):
      real time           0.00 seconds
      cpu time            0.00 seconds
      

