*------------------------------------------------------------*
* Score Log
Date:                November 02, 2019
Time:                23:22:51
*------------------------------------------------------------*
16110  %let EMEXCEPTIONSTRING=;
16111  *------------------------------------------------------------*;
16112  * SCORE: FIMPORT;
16113  *------------------------------------------------------------*;
16114  %let EM_ACTION = SCORE;
16115  %let syscc = 0;
16116  /* Fimport.source */
16117  %macro main;
16118        %if %upcase(&EM_ACTION) = CREATE %then %do;
16119           filename temp catalog 'sashelp.emsamp.Fimport_create.source';
16120           %include temp;
16121           filename temp;
16122           %create;
16123        %end;
16124        %else
16125        %if %upcase(&EM_ACTION) = TRAIN %then %do;
16126           filename temp catalog 'sashelp.emsamp.Fimport_train.source';
16127           %include temp;
16128           filename temp;
16129           %train;
16130        %end;
16131        %else
16132        %if %upcase(&EM_ACTION) = UPDATE %then %do;
16133           filename temp catalog 'sashelp.emsamp.Fimport_update.source';
16134           %include temp;
16135           filename temp;
16136           %update;
16137        %end;
16138        %else
16139        %if %upcase(&EM_ACTION) = PROPERTY %then %do;
16140           filename temp catalog 'sashelp.emsamp.Fimport_actions.source';
16141           %include temp;
16142           filename temp;
16143           %property;
16144        %end;
16145         %else
16146        %if %upcase(&EM_ACTION) = SCORE %then %do;
16147           filename temp catalog 'sashelp.emsamp.Fimport_score.source';
16148           %include temp;
16149           filename temp;
16150           %score;
16151        %end;
16152        %else
16153        %if %upcase(&EM_ACTION) = REPORT %then %do;
16154           filename temp catalog 'sashelp.emsamp.Fimport_report.source';
16155           %include temp;
16156           filename temp;
16157           %report;
16158        %end;
16159        %else
16160        %if %upcase(&EM_ACTION) = OPENVARIABLESET %then %do;
16161           filename temp catalog 'sashelp.emsamp.Fimport_actions.source';
16162           %include temp;
16163           filename temp;
16164           %openvariableset;
16165        %end;
16166        %else
16167        %if %upcase(&EM_ACTION) = CLOSEVARIABLESET %then %do;
16168           filename temp catalog 'sashelp.emsamp.Fimport_actions.source';
16169           %include temp;
16170           filename temp;
16171           %closevariableset;
16172        %end;
16173  %mend main;
16174  %main;
NOTE: %INCLUDE (level 1) file TEMP is file SASHELP.EMSAMP.FIMPORT_SCORE.SOURCE.
16175 +%macro score;
16176 +
16177 +   filename x "&EM_NODEDIR.&EM_DSEP._updatePath.st";
16178 +   data _null_;
16179 +      file x;
16180 +      put ' ';
16181 +   run;
16182 +   filename x;
16183 +
16184 +   %em_getname(key=DATA, type=DATA);
16185 +   %if %sysfunc(exist(&em_user_data)) %then %do;
16186 +       data &em_export_train / view=&em_export_train;
16187 +          set &em_user_data;
16188 +       run;
16189 +   %end;
16190 +
16191 +%mend score;
NOTE: %INCLUDE (level 1) ending.
NOTE: Fileref TEMP has been deassigned.

NOTE: The file X is:
      Filename=C:\Users\Forge 15 i7\Desktop\UM 2nd Semester\WQD 7005 -Data Mining\Project\milestone 3\DataMiningMilestone3\Workspaces\EMWS1\FIMPORT\_updatePath.st,
      RECFM=V,LRECL=32767,File Size (bytes)=0,
      Last Modified=02Nov2019:23:22:51,
      Create Time=02Nov2019:23:22:51

NOTE: 1 record was written to the file X.
      The minimum record length was 1.
      The maximum record length was 1.
NOTE: DATA statement used (Total process time):
      real time           0.00 seconds
      cpu time            0.00 seconds
      

NOTE: Fileref X has been deassigned.

NOTE: DATA STEP view saved on file EMWS1.FIMPORT_TRAIN.
NOTE: A stored DATA STEP view cannot run under a different operating system.
NOTE: DATA statement used (Total process time):
      real time           0.01 seconds
      cpu time            0.01 seconds
      

16192  *------------------------------------------------------------*;
16193  * End SCORE: FIMPORT;
16194  *------------------------------------------------------------*;

16196  *------------------------------------------------------------*;
16197  * FIMPORT: Computing metadata for TRAIN data;
16198  *------------------------------------------------------------*;

NOTE: View EMWS1.FIMPORT_TRAIN.VIEW used (Total process time):
      real time           0.02 seconds
      cpu time            0.03 seconds
      
NOTE: View EMWS1.FIMPORT_TRAIN.VIEW used (Total process time):
      real time           0.02 seconds
      cpu time            0.01 seconds
      
